<?xml version="1.0" encoding="UTF-8"?>
<!-- Generated by org.testng.reporters.JUnitXMLReporter -->
<testsuite hostname="LAPTOP-P24V9RNH" ignored="0" name="Default test" tests="1" failures="0" timestamp="24 Oct 2019 03:54:09 GMT" time="0.017" errors="0">
  <testcase name="@BeforeSuite initialize" time="1.514" classname="tests.TestBase">
    <failure type="org.openqa.selenium.InvalidArgumentException" message="invalid argument: entry 0 of &amp;apos;firstMatch&amp;apos; is invalid
from invalid argument: cannot parse capability: goog:chromeOptions
from invalid argument: unrecognized chrome option: profile.password_manager_enabled
Build info: version: &amp;apos;3.141.59&amp;apos;, revision: &amp;apos;e82be7d358&amp;apos;, time: &amp;apos;2018-11-14T08:17:03&amp;apos;
System info: host: &amp;apos;LAPTOP-P24V9RNH&amp;apos;, ip: &amp;apos;192.168.0.24&amp;apos;, os.name: &amp;apos;Windows 10&amp;apos;, os.arch: &amp;apos;amd64&amp;apos;, os.version: &amp;apos;10.0&amp;apos;, java.version: &amp;apos;1.8.0_181&amp;apos;
Driver info: driver.version: ChromeDriver
remote stacktrace: Backtrace:
	Ordinal0 [0x010DEB13+1501971]
	Ordinal0 [0x0105F6D1+980689]
	Ordinal0 [0x00FE765F+489055]
	Ordinal0 [0x00F7766E+30318]
	Ordinal0 [0x00F79EE4+40676]
	Ordinal0 [0x00F75564+21860]
	Ordinal0 [0x00F98FF8+167928]
	Ordinal0 [0x00F9950E+169230]
	Ordinal0 [0x00F9942D+169005]
	Ordinal0 [0x00F978EB+162027]
	Ordinal0 [0x00F80AC7+68295]
	Ordinal0 [0x00F81B40+72512]
	Ordinal0 [0x00F81AD9+72409]
	Ordinal0 [0x01078F37+1085239]
	GetHandleVerifier [0x0117D7ED+503293]
	GetHandleVerifier [0x0117D580+502672]
	GetHandleVerifier [0x011846AC+531644]
	GetHandleVerifier [0x0117DFFA+505354]
	Ordinal0 [0x01070606+1050118]
	Ordinal0 [0x0107047F+1049727]
	Ordinal0 [0x0107AF9B+1093531]
	Ordinal0 [0x0107B103+1093891]
	Ordinal0 [0x0107A095+1089685]
	BaseThreadInitThunk [0x74D60419+25]
	RtlGetAppContainerNamedObjectPath [0x7711662D+237]
	RtlGetAppContainerNamedObjectPath [0x771165FD+189]
">
      <![CDATA[org.openqa.selenium.InvalidArgumentException: invalid argument: entry 0 of 'firstMatch' is invalid
from invalid argument: cannot parse capability: goog:chromeOptions
from invalid argument: unrecognized chrome option: profile.password_manager_enabled
Build info: version: '3.141.59', revision: 'e82be7d358', time: '2018-11-14T08:17:03'
System info: host: 'LAPTOP-P24V9RNH', ip: '192.168.0.24', os.name: 'Windows 10', os.arch: 'amd64', os.version: '10.0', java.version: '1.8.0_181'
Driver info: driver.version: ChromeDriver
remote stacktrace: Backtrace:
Ordinal0 [0x010DEB13+1501971]
Ordinal0 [0x0105F6D1+980689]
Ordinal0 [0x00FE765F+489055]
Ordinal0 [0x00F7766E+30318]
Ordinal0 [0x00F79EE4+40676]
Ordinal0 [0x00F75564+21860]
Ordinal0 [0x00F98FF8+167928]
Ordinal0 [0x00F9950E+169230]
Ordinal0 [0x00F9942D+169005]
Ordinal0 [0x00F978EB+162027]
Ordinal0 [0x00F80AC7+68295]
Ordinal0 [0x00F81B40+72512]
Ordinal0 [0x00F81AD9+72409]
Ordinal0 [0x01078F37+1085239]
GetHandleVerifier [0x0117D7ED+503293]
GetHandleVerifier [0x0117D580+502672]
GetHandleVerifier [0x011846AC+531644]
GetHandleVerifier [0x0117DFFA+505354]
Ordinal0 [0x01070606+1050118]
Ordinal0 [0x0107047F+1049727]
Ordinal0 [0x0107AF9B+1093531]
Ordinal0 [0x0107B103+1093891]
Ordinal0 [0x0107A095+1089685]
BaseThreadInitThunk [0x74D60419+25]
RtlGetAppContainerNamedObjectPath [0x7711662D+237]
RtlGetAppContainerNamedObjectPath [0x771165FD+189]

at sun.reflect.NativeConstructorAccessorImpl.newInstance0(Native Method)
at sun.reflect.NativeConstructorAccessorImpl.newInstance(NativeConstructorAccessorImpl.java:62)
at sun.reflect.DelegatingConstructorAccessorImpl.newInstance(DelegatingConstructorAccessorImpl.java:45)
at java.lang.reflect.Constructor.newInstance(Constructor.java:423)
at org.openqa.selenium.remote.W3CHandshakeResponse.lambda$errorHandler$0(W3CHandshakeResponse.java:62)
at org.openqa.selenium.remote.HandshakeResponse.lambda$getResponseFunction$0(HandshakeResponse.java:30)
at org.openqa.selenium.remote.ProtocolHandshake.lambda$createSession$0(ProtocolHandshake.java:126)
at java.util.stream.ReferencePipeline$3$1.accept(ReferencePipeline.java:193)
at java.util.Spliterators$ArraySpliterator.tryAdvance(Spliterators.java:958)
at java.util.stream.ReferencePipeline.forEachWithCancel(ReferencePipeline.java:126)
at java.util.stream.AbstractPipeline.copyIntoWithCancel(AbstractPipeline.java:498)
at java.util.stream.AbstractPipeline.copyInto(AbstractPipeline.java:485)
at java.util.stream.AbstractPipeline.wrapAndCopyInto(AbstractPipeline.java:471)
at java.util.stream.FindOps$FindOp.evaluateSequential(FindOps.java:152)
at java.util.stream.AbstractPipeline.evaluate(AbstractPipeline.java:234)
at java.util.stream.ReferencePipeline.findFirst(ReferencePipeline.java:464)
at org.openqa.selenium.remote.ProtocolHandshake.createSession(ProtocolHandshake.java:128)
at org.openqa.selenium.remote.ProtocolHandshake.createSession(ProtocolHandshake.java:74)
at org.openqa.selenium.remote.HttpCommandExecutor.execute(HttpCommandExecutor.java:136)
at org.openqa.selenium.remote.service.DriverCommandExecutor.execute(DriverCommandExecutor.java:83)
at org.openqa.selenium.remote.RemoteWebDriver.execute(RemoteWebDriver.java:552)
at org.openqa.selenium.remote.RemoteWebDriver.startSession(RemoteWebDriver.java:213)
at org.openqa.selenium.remote.RemoteWebDriver.<init>(RemoteWebDriver.java:131)
at org.openqa.selenium.chrome.ChromeDriver.<init>(ChromeDriver.java:181)
at org.openqa.selenium.chrome.ChromeDriver.<init>(ChromeDriver.java:168)
at org.openqa.selenium.chrome.ChromeDriver.<init>(ChromeDriver.java:157)
at tests.TestBase.initialize(TestBase.java:29)
at sun.reflect.NativeMethodAccessorImpl.invoke0(Native Method)
at sun.reflect.NativeMethodAccessorImpl.invoke(NativeMethodAccessorImpl.java:62)
at sun.reflect.DelegatingMethodAccessorImpl.invoke(DelegatingMethodAccessorImpl.java:43)
at java.lang.reflect.Method.invoke(Method.java:498)
at org.testng.internal.MethodInvocationHelper.invokeMethod(MethodInvocationHelper.java:124)
at org.testng.internal.MethodInvocationHelper.invokeMethodConsideringTimeout(MethodInvocationHelper.java:59)
at org.testng.internal.Invoker.invokeConfigurationMethod(Invoker.java:458)
at org.testng.internal.Invoker.invokeConfigurations(Invoker.java:222)
at org.testng.internal.Invoker.invokeConfigurations(Invoker.java:142)
at org.testng.SuiteRunner.privateRun(SuiteRunner.java:401)
at org.testng.SuiteRunner.run(SuiteRunner.java:364)
at org.testng.SuiteRunnerWorker.runSuite(SuiteRunnerWorker.java:52)
at org.testng.SuiteRunnerWorker.run(SuiteRunnerWorker.java:84)
at org.testng.TestNG.runSuitesSequentially(TestNG.java:1208)
at org.testng.TestNG.runSuitesLocally(TestNG.java:1137)
at org.testng.TestNG.runSuites(TestNG.java:1049)
at org.testng.TestNG.run(TestNG.java:1017)
at org.testng.remote.AbstractRemoteTestNG.run(AbstractRemoteTestNG.java:114)
at org.testng.remote.RemoteTestNG.initAndRun(RemoteTestNG.java:251)
at org.testng.remote.RemoteTestNG.main(RemoteTestNG.java:77)
]]>
    </failure>
  </testcase> <!-- @BeforeSuite initialize -->
  <testcase name="init" time="0.0" classname="tests.FbLoginTest">
    <skipped/>
  </testcase> <!-- init -->
</testsuite> <!-- Default test -->
